#
# There is insufficient memory for the Java Runtime Environment to continue.
# Native memory allocation (malloc) failed to allocate 32744 bytes. Error detail: Chunk::new
# Possible reasons:
#   The system is out of physical RAM or swap space
#   This process is running with CompressedOops enabled, and the Java Heap may be blocking the growth of the native heap
# Possible solutions:
#   Reduce memory load on the system
#   Increase physical memory or swap space
#   Check if swap backing store is full
#   Decrease Java heap size (-Xmx/-Xms)
#   Decrease number of Java threads
#   Decrease Java thread stack sizes (-Xss)
#   Set larger code cache with -XX:ReservedCodeCacheSize=
#   JVM is running with Unscaled Compressed Oops mode in which the Java heap is
#     placed in the first 4GB address space. The Java Heap base address is the
#     maximum limit for the native heap growth. Please use -XX:HeapBaseMinAddress
#     to set the Java Heap base and to place the Java Heap above 4GB virtual address.
# This output file may be truncated or incomplete.
#
#  Out of Memory Error (arena.cpp:168), pid=16956, tid=17396
#
# JRE version: OpenJDK Runtime Environment Temurin-21.0.9+10 (21.0.9+10) (build 21.0.9+10-LTS)
# Java VM: OpenJDK 64-Bit Server VM Temurin-21.0.9+10 (21.0.9+10-LTS, mixed mode, sharing, tiered, compressed oops, compressed class ptrs, parallel gc, windows-amd64)
# No core dump will be written. Minidumps are not enabled by default on client versions of Windows
#

---------------  S U M M A R Y ------------

Command Line: --add-modules=ALL-SYSTEM --add-opens=java.base/java.util=ALL-UNNAMED --add-opens=java.base/java.lang=ALL-UNNAMED --add-opens=java.base/sun.nio.fs=ALL-UNNAMED -Declipse.application=org.eclipse.jdt.ls.core.id1 -Dosgi.bundles.defaultStartLevel=4 -Declipse.product=org.eclipse.jdt.ls.core.product -Djava.import.generatesMetadataFilesAtProjectRoot=false -DDetectVMInstallationsJob.disabled=true -Dfile.encoding=utf8 -XX:+UseParallelGC -XX:GCTimeRatio=4 -XX:AdaptiveSizePolicyWeight=90 -Dsun.zip.disableMemoryMapping=true -Xmx2G -Xms100m -Xlog:disable -javaagent:c:\Users\Admin\.vscode\extensions\redhat.java-1.52.0-win32-x64\lombok\lombok-1.18.39-4050.jar c:\Users\Admin\.vscode\extensions\redhat.java-1.52.0-win32-x64\server\plugins\org.eclipse.equinox.launcher_1.7.100.v20251111-0406.jar -configuration c:\Users\Admin\AppData\Roaming\Code\User\globalStorage\redhat.java\1.52.0\config_ss_win -data c:\Users\Admin\AppData\Roaming\Code\User\workspaceStorage\f7ca5dda7ea2e6fd09b9a0bb27dbb269\redhat.java\ss_ws --pipe=\\.\pipe\lsp-17eb2caa386b69d75da0ce815ba6832d-sock

Host: 11th Gen Intel(R) Core(TM) i5-1135G7 @ 2.40GHz, 8 cores, 7G,  Windows 11 , 64 bit Build 26100 (10.0.26100.7705)
Time: Sat Feb 21 13:39:45 2026 SE Asia Standard Time elapsed time: 16.786389 seconds (0d 0h 0m 16s)

---------------  T H R E A D  ---------------

Current thread (0x000001fde34c8a70):  JavaThread "C1 CompilerThread0" daemon [_thread_in_native, id=17396, stack(0x000000ee8e700000,0x000000ee8e800000) (1024K)]


Current CompileTask:
C1:16786 1758       3       org.eclipse.osgi.internal.framework.EquinoxConfiguration$ConfigValues::getProperty (31 bytes)

Stack: [0x000000ee8e700000,0x000000ee8e800000]
Native frames: (J=compiled Java code, j=interpreted, Vv=VM code, C=native code)
V  [jvm.dll+0x6d6e29]
V  [jvm.dll+0x8b4b76]
V  [jvm.dll+0x8b712e]
V  [jvm.dll+0x8b7813]
V  [jvm.dll+0x283d86]
V  [jvm.dll+0xc66ed]
V  [jvm.dll+0xc6c31]
V  [jvm.dll+0x1986e3]
V  [jvm.dll+0x1987ad]
V  [jvm.dll+0x19abb9]
V  [jvm.dll+0x19c694]
V  [jvm.dll+0x157375]
V  [jvm.dll+0x156c17]
V  [jvm.dll+0x156e44]
V  [jvm.dll+0x15625c]
V  [jvm.dll+0x157fed]
V  [jvm.dll+0x25b29d]
V  [jvm.dll+0x25982a]
V  [jvm.dll+0x3f7ea6]
V  [jvm.dll+0x85e9ad]
V  [jvm.dll+0x6d565d]
C  [ucrtbase.dll+0x37b0]
C  [KERNEL32.DLL+0x2e8d7]
C  [ntdll.dll+0x8c40c]


---------------  P R O C E S S  ---------------

Threads class SMR info:
_java_thread_list=0x000001fde9b758b0, length=12, elements={
0x000001fdcca3b950, 0x000001fdccafb600, 0x000001fdccafd290, 0x000001fde34b6560,
0x000001fde34b8fc0, 0x000001fde34b9a10, 0x000001fde34bb9c0, 0x000001fde34c4350,
0x000001fde34c8a70, 0x000001fde9223cc0, 0x000001fde9330340, 0x000001fde9963730
}

Java Threads: ( => current thread )
  0x000001fdcca3b950 JavaThread "main"                              [_thread_in_native, id=3928, stack(0x000000ee8dc00000,0x000000ee8dd00000) (1024K)]
  0x000001fdccafb600 JavaThread "Reference Handler"          daemon [_thread_blocked, id=5880, stack(0x000000ee8e000000,0x000000ee8e100000) (1024K)]
  0x000001fdccafd290 JavaThread "Finalizer"                  daemon [_thread_blocked, id=1664, stack(0x000000ee8e100000,0x000000ee8e200000) (1024K)]
  0x000001fde34b6560 JavaThread "Signal Dispatcher"          daemon [_thread_blocked, id=16748, stack(0x000000ee8e200000,0x000000ee8e300000) (1024K)]
  0x000001fde34b8fc0 JavaThread "Attach Listener"            daemon [_thread_blocked, id=13140, stack(0x000000ee8e300000,0x000000ee8e400000) (1024K)]
  0x000001fde34b9a10 JavaThread "Service Thread"             daemon [_thread_blocked, id=11144, stack(0x000000ee8e400000,0x000000ee8e500000) (1024K)]
  0x000001fde34bb9c0 JavaThread "Monitor Deflation Thread"   daemon [_thread_blocked, id=7576, stack(0x000000ee8e500000,0x000000ee8e600000) (1024K)]
  0x000001fde34c4350 JavaThread "C2 CompilerThread0"         daemon [_thread_blocked, id=1216, stack(0x000000ee8e600000,0x000000ee8e700000) (1024K)]
=>0x000001fde34c8a70 JavaThread "C1 CompilerThread0"         daemon [_thread_in_native, id=17396, stack(0x000000ee8e700000,0x000000ee8e800000) (1024K)]
  0x000001fde9223cc0 JavaThread "Common-Cleaner"             daemon [_thread_blocked, id=16520, stack(0x000000ee8e900000,0x000000ee8ea00000) (1024K)]
  0x000001fde9330340 JavaThread "Notification Thread"        daemon [_thread_blocked, id=15096, stack(0x000000ee8e800000,0x000000ee8e900000) (1024K)]
  0x000001fde9963730 JavaThread "Active Thread: Equinox Container: 88853da6-7394-4970-9f1c-4db85f2f24eb"        [_thread_blocked, id=17232, stack(0x000000ee8f200000,0x000000ee8f300000) (1024K)]
Total: 12

Other Threads:
  0x000001fdca65fdc0 VMThread "VM Thread"                           [id=14008, stack(0x000000ee8df00000,0x000000ee8e000000) (1024K)]
  0x000001fdccaa89b0 WatcherThread "VM Periodic Task Thread"        [id=6816, stack(0x000000ee8de00000,0x000000ee8df00000) (1024K)]
  0x000001fdca65fa20 WorkerThread "GC Thread#0"                     [id=13780, stack(0x000000ee8dd00000,0x000000ee8de00000) (1024K)]
  0x000001fdca65f2e0 WorkerThread "GC Thread#1"                     [id=6688, stack(0x000000ee8eb00000,0x000000ee8ec00000) (1024K)]
  0x000001fde9bddfc0 WorkerThread "GC Thread#2"                     [id=8800, stack(0x000000ee8ec00000,0x000000ee8ed00000) (1024K)]
  0x000001fde9bde700 WorkerThread "GC Thread#3"                     [id=9132, stack(0x000000ee8ed00000,0x000000ee8ee00000) (1024K)]
  0x000001fde9bdf920 WorkerThread "GC Thread#4"                     [id=9788, stack(0x000000ee8ee00000,0x000000ee8ef00000) (1024K)]
  0x000001fde9bdee40 WorkerThread "GC Thread#5"                     [id=16472, stack(0x000000ee8ef00000,0x000000ee8f000000) (1024K)]
  0x000001fde9bdeaa0 WorkerThread "GC Thread#6"                     [id=8336, stack(0x000000ee8f000000,0x000000ee8f100000) (1024K)]
Total: 9

Threads with active compile tasks:
C1 CompilerThread0  16811 1758       3       org.eclipse.osgi.internal.framework.EquinoxConfiguration$ConfigValues::getProperty (31 bytes)
Total: 1

VM state: not at safepoint (normal execution)

VM Mutex/Monitor currently owned by a thread: None

Heap address: 0x0000000080000000, size: 2048 MB, Compressed Oops mode: 32-bit

CDS archive(s) mapped at: [0x000001fd80000000-0x000001fd80ba0000-0x000001fd80ba0000), size 12189696, SharedBaseAddress: 0x000001fd80000000, ArchiveRelocationMode: 1.
Compressed class space mapped at: 0x000001fd81000000-0x000001fdc1000000, reserved size: 1073741824
Narrow klass base: 0x000001fd80000000, Narrow klass shift: 0, Narrow klass range: 0x100000000

GC Precious Log:
 CardTable entry size: 512
 CPUs: 8 total, 8 available
 Memory: 7934M
 Large Page Support: Disabled
 NUMA Support: Disabled
 Compressed Oops: Enabled (32-bit)
 Alignments: Space 512K, Generation 512K, Heap 2M
 Heap Min Capacity: 100M
 Heap Initial Capacity: 100M
 Heap Max Capacity: 2G
 Pre-touch: Disabled
 Parallel Workers: 8

Heap:
 PSYoungGen      total 29696K, used 26859K [0x00000000d5580000, 0x00000000d7680000, 0x0000000100000000)
  eden space 25600K, 92% used [0x00000000d5580000,0x00000000d6c80df8,0x00000000d6e80000)
  from space 4096K, 80% used [0x00000000d6e80000,0x00000000d71b9e98,0x00000000d7280000)
  to   space 4096K, 0% used [0x00000000d7280000,0x00000000d7280000,0x00000000d7680000)
 ParOldGen       total 68608K, used 16K [0x0000000080000000, 0x0000000084300000, 0x00000000d5580000)
  object space 68608K, 0% used [0x0000000080000000,0x0000000080004000,0x0000000084300000)
 Metaspace       used 7919K, committed 8192K, reserved 1114112K
  class space    used 829K, committed 960K, reserved 1048576K

Card table byte_map: [0x000001fdcc410000,0x000001fdcc820000] _byte_map_base: 0x000001fdcc010000

Marking Bits: (ParMarkBitMap*) 0x00007ffa26da2460
 Begin Bits: [0x000001fddeef0000, 0x000001fde0ef0000)
 End Bits:   [0x000001fde0ef0000, 0x000001fde2ef0000)

Polling page: 0x000001fdcc200000

Metaspace:

Usage:
  Non-class:      6.92 MB used.
      Class:    829.34 KB used.
       Both:      7.73 MB used.

Virtual space:
  Non-class space:       64.00 MB reserved,       7.06 MB ( 11%) committed,  1 nodes.
      Class space:        1.00 GB reserved,     960.00 KB ( <1%) committed,  1 nodes.
             Both:        1.06 GB reserved,       8.00 MB ( <1%) committed. 

Chunk freelists:
   Non-Class:  8.83 MB
       Class:  14.91 MB
        Both:  23.73 MB

MaxMetaspaceSize: unlimited
CompressedClassSpaceSize: 1.00 GB
Initial GC threshold: 21.00 MB
Current GC threshold: 21.00 MB
CDS: on
 - commit_granule_bytes: 65536.
 - commit_granule_words: 8192.
 - virtual_space_node_default_size: 8388608.
 - enlarge_chunks_in_place: 1.
 - use_allocation_guard: 0.


Internal statistics:

num_allocs_failed_limit: 0.
num_arena_births: 228.
num_arena_deaths: 0.
num_vsnodes_births: 2.
num_vsnodes_deaths: 0.
num_space_committed: 128.
num_space_uncommitted: 0.
num_chunks_returned_to_freelist: 0.
num_chunks_taken_from_freelist: 422.
num_chunk_merges: 0.
num_chunk_splits: 269.
num_chunks_enlarged: 177.
num_inconsistent_stats: 0.

CodeHeap 'non-profiled nmethods': size=120000Kb used=789Kb max_used=789Kb free=119210Kb
 bounds [0x000001fdd7710000, 0x000001fdd7980000, 0x000001fddec40000]
CodeHeap 'profiled nmethods': size=120000Kb used=3117Kb max_used=3117Kb free=116882Kb
 bounds [0x000001fdcfc40000, 0x000001fdcff50000, 0x000001fdd7170000]
CodeHeap 'non-nmethods': size=5760Kb used=1227Kb max_used=1257Kb free=4532Kb
 bounds [0x000001fdd7170000, 0x000001fdd73e0000, 0x000001fdd7710000]
CodeCache: size=245760Kb, used=5133Kb, max_used=5163Kb, free=240624Kb
 total_blobs=2239, nmethods=1756, adapters=390, full_count=0
Compilation: enabled, stopped_count=0, restarted_count=0

Compilation events (20 events):
Event: 6.933 Thread 0x000001fde34c8a70 nmethod 1748 0x000001fdcff42090 code [0x000001fdcff42320, 0x000001fdcff42d68]
Event: 6.966 Thread 0x000001fde34c8a70 1749       3       java.util.Collections::emptyIterator (4 bytes)
Event: 6.966 Thread 0x000001fde34c8a70 nmethod 1749 0x000001fdcff43210 code [0x000001fdcff433a0, 0x000001fdcff43498]
Event: 7.002 Thread 0x000001fde34c8a70 1750       3       java.net.URL::<init> (438 bytes)
Event: 7.008 Thread 0x000001fde34c8a70 nmethod 1750 0x000001fdcff43510 code [0x000001fdcff43be0, 0x000001fdcff46f58]
Event: 7.491 Thread 0x000001fde34c8a70 1751       3       java.util.Collections::emptySet (4 bytes)
Event: 7.491 Thread 0x000001fde34c8a70 nmethod 1751 0x000001fdcff48390 code [0x000001fdcff48520, 0x000001fdcff48618]
Event: 8.112 Thread 0x000001fde34c8a70 1752       3       java.io.File::slashify (84 bytes)
Event: 8.112 Thread 0x000001fde34c4350 1753       4       java.lang.String::<init> (74 bytes)
Event: 8.114 Thread 0x000001fde34c8a70 nmethod 1752 0x000001fdcff48690 code [0x000001fdcff489a0, 0x000001fdcff496e8]
Event: 8.117 Thread 0x000001fde34c4350 nmethod 1753 0x000001fdd77d4d10 code [0x000001fdd77d4ec0, 0x000001fdd77d52b0]
Event: 8.992 Thread 0x000001fde34c4350 1754       4       java.lang.String::isEmpty (14 bytes)
Event: 8.993 Thread 0x000001fde34c4350 nmethod 1754 0x000001fdd77d5410 code [0x000001fdd77d55a0, 0x000001fdd77d5648]
Event: 11.749 Thread 0x000001fde34c8a70 1755       3       java.io.File::exists (34 bytes)
Event: 11.750 Thread 0x000001fde34c8a70 nmethod 1755 0x000001fdcff49c90 code [0x000001fdcff49e80, 0x000001fdcff4a288]
Event: 14.765 Thread 0x000001fde34c8a70 1756       3       java.net.URLStreamHandler::<init> (5 bytes)
Event: 14.766 Thread 0x000001fde34c8a70 nmethod 1756 0x000001fdcff4a410 code [0x000001fdcff4a5c0, 0x000001fdcff4a728]
Event: 14.766 Thread 0x000001fde34c8a70 1757       3       org.eclipse.osgi.internal.framework.EquinoxConfiguration::getProperty (9 bytes)
Event: 14.766 Thread 0x000001fde34c8a70 nmethod 1757 0x000001fdcff4a810 code [0x000001fdcff4aa60, 0x000001fdcff4b1f8]
Event: 14.766 Thread 0x000001fde34c8a70 1758       3       org.eclipse.osgi.internal.framework.EquinoxConfiguration$ConfigValues::getProperty (31 bytes)

GC Heap History (2 events):
Event: 2.924 GC heap before
{Heap before GC invocations=1 (full 0):
 PSYoungGen      total 29696K, used 25600K [0x00000000d5580000, 0x00000000d7680000, 0x0000000100000000)
  eden space 25600K, 100% used [0x00000000d5580000,0x00000000d6e80000,0x00000000d6e80000)
  from space 4096K, 0% used [0x00000000d7280000,0x00000000d7280000,0x00000000d7680000)
  to   space 4096K, 0% used [0x00000000d6e80000,0x00000000d6e80000,0x00000000d7280000)
 ParOldGen       total 68608K, used 0K [0x0000000080000000, 0x0000000084300000, 0x00000000d5580000)
  object space 68608K, 0% used [0x0000000080000000,0x0000000080000000,0x0000000084300000)
 Metaspace       used 4350K, committed 4608K, reserved 1114112K
  class space    used 473K, committed 576K, reserved 1048576K
}
Event: 2.936 GC heap after
{Heap after GC invocations=1 (full 0):
 PSYoungGen      total 29696K, used 3303K [0x00000000d5580000, 0x00000000d7680000, 0x0000000100000000)
  eden space 25600K, 0% used [0x00000000d5580000,0x00000000d5580000,0x00000000d6e80000)
  from space 4096K, 80% used [0x00000000d6e80000,0x00000000d71b9e98,0x00000000d7280000)
  to   space 4096K, 0% used [0x00000000d7280000,0x00000000d7280000,0x00000000d7680000)
 ParOldGen       total 68608K, used 16K [0x0000000080000000, 0x0000000084300000, 0x00000000d5580000)
  object space 68608K, 0% used [0x0000000080000000,0x0000000080004000,0x0000000084300000)
 Metaspace       used 4350K, committed 4608K, reserved 1114112K
  class space    used 473K, committed 576K, reserved 1048576K
}

Dll operation events (8 events):
Event: 0.332 Loaded shared library c:\Users\Admin\.vscode\extensions\redhat.java-1.52.0-win32-x64\jre\21.0.9-win32-x86_64\bin\java.dll
Event: 0.651 Loaded shared library c:\Users\Admin\.vscode\extensions\redhat.java-1.52.0-win32-x64\jre\21.0.9-win32-x86_64\bin\zip.dll
Event: 0.753 Loaded shared library C:\Users\Admin\.vscode\extensions\redhat.java-1.52.0-win32-x64\jre\21.0.9-win32-x86_64\bin\instrument.dll
Event: 0.889 Loaded shared library C:\Users\Admin\.vscode\extensions\redhat.java-1.52.0-win32-x64\jre\21.0.9-win32-x86_64\bin\net.dll
Event: 1.017 Loaded shared library C:\Users\Admin\.vscode\extensions\redhat.java-1.52.0-win32-x64\jre\21.0.9-win32-x86_64\bin\nio.dll
Event: 1.026 Loaded shared library C:\Users\Admin\.vscode\extensions\redhat.java-1.52.0-win32-x64\jre\21.0.9-win32-x86_64\bin\zip.dll
Event: 1.071 Loaded shared library C:\Users\Admin\.vscode\extensions\redhat.java-1.52.0-win32-x64\jre\21.0.9-win32-x86_64\bin\jimage.dll
Event: 1.418 Loaded shared library c:\Users\Admin\.vscode\extensions\redhat.java-1.52.0-win32-x64\jre\21.0.9-win32-x86_64\bin\verify.dll

Deoptimization events (20 events):
Event: 3.586 Thread 0x000001fdcca3b950 Uncommon trap: trap_request=0xffffff45 fr.pc=0x000001fdd7791ee0 relative=0x0000000000000040
Event: 3.586 Thread 0x000001fdcca3b950 Uncommon trap: reason=unstable_if action=reinterpret pc=0x000001fdd7791ee0 method=java.util.concurrent.locks.AbstractQueuedSynchronizer.signalNext(Ljava/util/concurrent/locks/AbstractQueuedSynchronizer$Node;)V @ 1 c2
Event: 3.586 Thread 0x000001fdcca3b950 DEOPT PACKING pc=0x000001fdd7791ee0 sp=0x000000ee8dcfeae0
Event: 3.586 Thread 0x000001fdcca3b950 DEOPT UNPACKING pc=0x000001fdd71c6da2 sp=0x000000ee8dcfea70 mode 2
Event: 3.652 Thread 0x000001fdcca3b950 Uncommon trap: trap_request=0xffffffde fr.pc=0x000001fdd77b1f44 relative=0x00000000000009c4
Event: 3.652 Thread 0x000001fdcca3b950 Uncommon trap: reason=class_check action=maybe_recompile pc=0x000001fdd77b1f44 method=java.util.HashMap.putVal(ILjava/lang/Object;Ljava/lang/Object;ZZ)Ljava/lang/Object; @ 253 c2
Event: 3.652 Thread 0x000001fdcca3b950 DEOPT PACKING pc=0x000001fdd77b1f44 sp=0x000000ee8dcfe6e0
Event: 3.652 Thread 0x000001fdcca3b950 DEOPT UNPACKING pc=0x000001fdd71c6da2 sp=0x000000ee8dcfe608 mode 2
Event: 3.654 Thread 0x000001fdcca3b950 Uncommon trap: trap_request=0xffffffde fr.pc=0x000001fdd77b1f44 relative=0x00000000000009c4
Event: 3.654 Thread 0x000001fdcca3b950 Uncommon trap: reason=class_check action=maybe_recompile pc=0x000001fdd77b1f44 method=java.util.HashMap.putVal(ILjava/lang/Object;Ljava/lang/Object;ZZ)Ljava/lang/Object; @ 253 c2
Event: 3.654 Thread 0x000001fdcca3b950 DEOPT PACKING pc=0x000001fdd77b1f44 sp=0x000000ee8dcfe6e0
Event: 3.654 Thread 0x000001fdcca3b950 DEOPT UNPACKING pc=0x000001fdd71c6da2 sp=0x000000ee8dcfe608 mode 2
Event: 3.655 Thread 0x000001fdcca3b950 Uncommon trap: trap_request=0xffffffde fr.pc=0x000001fdd775bb88 relative=0x0000000000000928
Event: 3.655 Thread 0x000001fdcca3b950 Uncommon trap: reason=class_check action=maybe_recompile pc=0x000001fdd775bb88 method=java.util.HashMap.putVal(ILjava/lang/Object;Ljava/lang/Object;ZZ)Ljava/lang/Object; @ 253 c2
Event: 3.655 Thread 0x000001fdcca3b950 DEOPT PACKING pc=0x000001fdd775bb88 sp=0x000000ee8dcfe550
Event: 3.655 Thread 0x000001fdcca3b950 DEOPT UNPACKING pc=0x000001fdd71c6da2 sp=0x000000ee8dcfe500 mode 2
Event: 3.712 Thread 0x000001fdcca3b950 DEOPT PACKING pc=0x000001fdcfd121bc sp=0x000000ee8dcfc5d0
Event: 3.712 Thread 0x000001fdcca3b950 DEOPT UNPACKING pc=0x000001fdd71c78e2 sp=0x000000ee8dcfbaf0 mode 0
Event: 3.733 Thread 0x000001fdcca3b950 DEOPT PACKING pc=0x000001fdcfd45b8b sp=0x000000ee8dcfcc90
Event: 3.733 Thread 0x000001fdcca3b950 DEOPT UNPACKING pc=0x000001fdd71c78e2 sp=0x000000ee8dcfc108 mode 0

Classes loaded (20 events):
Event: 3.723 Loading class java/security/KeyStoreException
Event: 3.724 Loading class java/security/KeyStoreException done
Event: 3.763 Loading class java/util/LinkedList$Node
Event: 3.763 Loading class java/util/LinkedList$Node done
Event: 3.763 Loading class java/util/LinkedList$ListItr
Event: 3.763 Loading class java/util/LinkedList$ListItr done
Event: 3.764 Loading class java/lang/Thread$Builder$OfPlatform
Event: 3.764 Loading class java/lang/Thread$Builder
Event: 3.764 Loading class java/lang/Thread$Builder done
Event: 3.764 Loading class java/lang/Thread$Builder$OfPlatform done
Event: 3.764 Loading class java/lang/Thread$Builder$OfVirtual
Event: 3.765 Loading class java/lang/Thread$Builder$OfVirtual done
Event: 3.773 Loading class sun/nio/fs/WindowsChannelFactory
Event: 3.774 Loading class sun/nio/fs/WindowsChannelFactory done
Event: 3.774 Loading class sun/nio/fs/WindowsChannelFactory$1
Event: 3.774 Loading class sun/nio/fs/WindowsChannelFactory$1 done
Event: 3.774 Loading class sun/nio/fs/WindowsChannelFactory$Flags
Event: 3.774 Loading class sun/nio/fs/WindowsChannelFactory$Flags done
Event: 3.774 Loading class sun/nio/ch/FileChannelImpl$Closer
Event: 3.775 Loading class sun/nio/ch/FileChannelImpl$Closer done

Classes unloaded (0 events):
No events

Classes redefined (0 events):
No events

Internal exceptions (20 events):
Event: 2.551 Thread 0x000001fdcca3b950 Exception <a 'java/lang/NoSuchMethodError'{0x00000000d65f3968}: 'java.lang.Object java.lang.invoke.DirectMethodHandle$Holder.invokeInterface(java.lang.Object, java.lang.Object, int)'> (0x00000000d65f3968) 
thrown [s\src\hotspot\share\interpreter\linkResolver.cpp, line 773]
Event: 2.815 Thread 0x000001fdcca3b950 Exception <a 'java/lang/NoSuchMethodError'{0x00000000d6a5b490}: 'java.lang.ClassLoader java.lang.ClassLoader.getPlatformClassLoader(java.lang.Class)'> (0x00000000d6a5b490) 
thrown [s\src\hotspot\share\interpreter\linkResolver.cpp, line 773]
Event: 2.918 Thread 0x000001fdcca3b950 Exception <a 'java/lang/ClassNotFoundException'{0x00000000d6e75e98}: sun/net/www/protocol/c/Handler> (0x00000000d6e75e98) 
thrown [s\src\hotspot\share\classfile\systemDictionary.cpp, line 312]
Event: 2.919 Thread 0x000001fdcca3b950 Exception <a 'java/lang/ClassNotFoundException'{0x00000000d6e77220}: sun/net/www/protocol/d/Handler> (0x00000000d6e77220) 
thrown [s\src\hotspot\share\classfile\systemDictionary.cpp, line 312]
Event: 2.919 Thread 0x000001fdcca3b950 Exception <a 'java/lang/ClassNotFoundException'{0x00000000d6e783e0}: sun/net/www/protocol/c/Handler> (0x00000000d6e783e0) 
thrown [s\src\hotspot\share\classfile\systemDictionary.cpp, line 312]
Event: 2.943 Thread 0x000001fdcca3b950 Exception <a 'java/io/FileNotFoundException'{0x00000000d55a0a90}> (0x00000000d55a0a90) 
thrown [s\src\hotspot\share\prims\jni.cpp, line 520]
Event: 2.999 Thread 0x000001fdcca3b950 Implicit null exception at 0x000001fdd77749c9 to 0x000001fdd777534c
Event: 2.999 Thread 0x000001fdcca3b950 Implicit null exception at 0x000001fdd777939a to 0x000001fdd77795a0
Event: 3.000 Thread 0x000001fdcca3b950 Exception <a 'java/lang/NoSuchMethodError'{0x00000000d56d0df8}: 'void java.lang.invoke.DirectMethodHandle$Holder.invokeStatic(java.lang.Object, java.lang.Object, java.lang.Object, java.lang.Object)'> (0x00000000d56d0df8) 
thrown [s\src\hotspot\share\interpreter\linkResolver.cpp, line 773]
Event: 3.003 Thread 0x000001fdcca3b950 Implicit null exception at 0x000001fdd777db1a to 0x000001fdd777dd24
Event: 3.003 Thread 0x000001fdcca3b950 Implicit null exception at 0x000001fdd7777dbd to 0x000001fdd7777e41
Event: 3.188 Thread 0x000001fdcca3b950 Exception <a 'java/lang/NoSuchMethodError'{0x00000000d5994268}: 'void java.lang.invoke.DirectMethodHandle$Holder.invokeSpecial(java.lang.Object, java.lang.Object, java.lang.Object)'> (0x00000000d5994268) 
thrown [s\src\hotspot\share\interpreter\linkResolver.cpp, line 773]
Event: 3.500 Thread 0x000001fdcca3b950 Exception <a 'java/lang/NoSuchMethodError'{0x00000000d62a2060}: 'int java.lang.invoke.DirectMethodHandle$Holder.invokeVirtual(java.lang.Object, java.lang.Object)'> (0x00000000d62a2060) 
thrown [s\src\hotspot\share\interpreter\linkResolver.cpp, line 773]
Event: 3.562 Thread 0x000001fdcca3b950 Exception <a 'java/lang/NoSuchMethodError'{0x00000000d6416260}: 'int java.lang.invoke.DirectMethodHandle$Holder.invokeStaticInit(java.lang.Object, java.lang.Object, java.lang.Object, java.lang.Object)'> (0x00000000d6416260) 
thrown [s\src\hotspot\share\interpreter\linkResolver.cpp, line 773]
Event: 3.564 Thread 0x000001fdcca3b950 Exception <a 'java/lang/IncompatibleClassChangeError'{0x00000000d641e668}: Found class java.lang.Object, but interface was expected> (0x00000000d641e668) 
thrown [s\src\hotspot\share\interpreter\linkResolver.cpp, line 840]
Event: 3.565 Thread 0x000001fdcca3b950 Exception <a 'java/lang/NoSuchMethodError'{0x00000000d6424c38}: 'void java.lang.invoke.DirectMethodHandle$Holder.invokeStaticInit(java.lang.Object, java.lang.Object)'> (0x00000000d6424c38) 
thrown [s\src\hotspot\share\interpreter\linkResolver.cpp, line 773]
Event: 3.566 Thread 0x000001fdcca3b950 Exception <a 'java/lang/NoSuchMethodError'{0x00000000d642de50}: 'int java.lang.invoke.DirectMethodHandle$Holder.invokeStaticInit(java.lang.Object, java.lang.Object)'> (0x00000000d642de50) 
thrown [s\src\hotspot\share\interpreter\linkResolver.cpp, line 773]
Event: 3.634 Thread 0x000001fdcca3b950 Exception <a 'java/lang/NoSuchMethodError'{0x00000000d6676478}: 'java.lang.Object java.lang.invoke.DirectMethodHandle$Holder.newInvokeSpecial(java.lang.Object, int, java.lang.Object)'> (0x00000000d6676478) 
thrown [s\src\hotspot\share\interpreter\linkResolver.cpp, line 773]
Event: 3.689 Thread 0x000001fdcca3b950 Exception <a 'java/lang/ClassNotFoundException'{0x00000000d688da18}: sun/net/www/protocol/plurl/Handler> (0x00000000d688da18) 
thrown [s\src\hotspot\share\classfile\systemDictionary.cpp, line 312]
Event: 3.689 Thread 0x000001fdcca3b950 Exception <a 'java/lang/ClassNotFoundException'{0x00000000d688e898}: sun/net/www/protocol/plurl/Handler> (0x00000000d688e898) 
thrown [s\src\hotspot\share\classfile\systemDictionary.cpp, line 312]

ZGC Phase Switch (0 events):
No events

VM Operations (20 events):
Event: 2.260 Executing VM operation: HandshakeAllThreads (Deoptimize)
Event: 2.260 Executing VM operation: HandshakeAllThreads (Deoptimize) done
Event: 2.314 Executing VM operation: HandshakeAllThreads (Deoptimize)
Event: 2.314 Executing VM operation: HandshakeAllThreads (Deoptimize) done
Event: 2.884 Executing VM operation: HandshakeAllThreads (Deoptimize)
Event: 2.884 Executing VM operation: HandshakeAllThreads (Deoptimize) done
Event: 2.924 Executing VM operation: ParallelGCFailedAllocation (Allocation Failure)
Event: 2.936 Executing VM operation: ParallelGCFailedAllocation (Allocation Failure) done
Event: 3.602 Executing VM operation: HandshakeAllThreads (Deoptimize)
Event: 3.602 Executing VM operation: HandshakeAllThreads (Deoptimize) done
Event: 3.618 Executing VM operation: HandshakeAllThreads (Deoptimize)
Event: 3.618 Executing VM operation: HandshakeAllThreads (Deoptimize) done
Event: 3.668 Executing VM operation: HandshakeAllThreads (Deoptimize)
Event: 3.668 Executing VM operation: HandshakeAllThreads (Deoptimize) done
Event: 3.684 Executing VM operation: HandshakeAllThreads (Deoptimize)
Event: 3.684 Executing VM operation: HandshakeAllThreads (Deoptimize) done
Event: 4.686 Executing VM operation: Cleanup
Event: 4.686 Executing VM operation: Cleanup done
Event: 5.698 Executing VM operation: Cleanup
Event: 5.698 Executing VM operation: Cleanup done

Memory protections (0 events):
No events

Nmethod flushes (0 events):
No events

Events (20 events):
Event: 0.481 Thread 0x000001fdcca3b950 Thread added: 0x000001fde34bb9c0
Event: 0.481 Thread 0x000001fdcca3b950 Thread added: 0x000001fde34c4350
Event: 0.481 Thread 0x000001fdcca3b950 Thread added: 0x000001fde34c8a70
Event: 0.706 Thread 0x000001fde34c8a70 Thread added: 0x000001fde9209310
Event: 0.783 Thread 0x000001fdcca3b950 Thread added: 0x000001fde9223cc0
Event: 1.031 Thread 0x000001fde9209310 Thread exited: 0x000001fde9209310
Event: 1.249 Thread 0x000001fde34c8a70 Thread added: 0x000001fde92ca1d0
Event: 1.420 Thread 0x000001fde92ca1d0 Thread exited: 0x000001fde92ca1d0
Event: 1.727 Thread 0x000001fdcca3b950 Thread added: 0x000001fde9330340
Event: 2.032 Thread 0x000001fde34c8a70 Thread added: 0x000001fde93d8ff0
Event: 2.278 Thread 0x000001fde34c8a70 Thread added: 0x000001fde93fe5c0
Event: 2.536 Thread 0x000001fde93fe5c0 Thread exited: 0x000001fde93fe5c0
Event: 2.613 Thread 0x000001fde93d8ff0 Thread exited: 0x000001fde93d8ff0
Event: 2.709 Thread 0x000001fde34c8a70 Thread added: 0x000001fde93d8ff0
Event: 3.134 Thread 0x000001fde93d8ff0 Thread exited: 0x000001fde93d8ff0
Event: 3.259 Thread 0x000001fde34c8a70 Thread added: 0x000001fde958d030
Event: 3.263 Thread 0x000001fde34c4350 Thread added: 0x000001fde998b790
Event: 3.584 Thread 0x000001fdcca3b950 Thread added: 0x000001fde9963730
Event: 3.969 Thread 0x000001fde998b790 Thread exited: 0x000001fde998b790
Event: 3.969 Thread 0x000001fde958d030 Thread exited: 0x000001fde958d030


Dynamic libraries:
0x00007ff62bc30000 - 0x00007ff62bc3e000 	c:\Users\Admin\.vscode\extensions\redhat.java-1.52.0-win32-x64\jre\21.0.9-win32-x86_64\bin\java.exe
0x00007ffac3000000 - 0x00007ffac3268000 	C:\WINDOWS\SYSTEM32\ntdll.dll
0x00007ffac19c0000 - 0x00007ffac1a89000 	C:\WINDOWS\System32\KERNEL32.DLL
0x00007ffabf8e0000 - 0x00007ffabfcd1000 	C:\WINDOWS\System32\KERNELBASE.dll
0x00007ffac0c50000 - 0x00007ffac0d9b000 	C:\WINDOWS\System32\ucrtbase.dll
0x00007ffa7b9e0000 - 0x00007ffa7b9fe000 	c:\Users\Admin\.vscode\extensions\redhat.java-1.52.0-win32-x64\jre\21.0.9-win32-x86_64\bin\VCRUNTIME140.dll
0x00007ffa7b9a0000 - 0x00007ffa7b9b8000 	c:\Users\Admin\.vscode\extensions\redhat.java-1.52.0-win32-x64\jre\21.0.9-win32-x86_64\bin\jli.dll
0x00007ffac2500000 - 0x00007ffac26c6000 	C:\WINDOWS\System32\USER32.dll
0x00007ffac0240000 - 0x00007ffac0267000 	C:\WINDOWS\System32\win32u.dll
0x00007ffac12c0000 - 0x00007ffac12eb000 	C:\WINDOWS\System32\GDI32.dll
0x00007ffabfe50000 - 0x00007ffabff7b000 	C:\WINDOWS\System32\gdi32full.dll
0x00007ffac0190000 - 0x00007ffac0233000 	C:\WINDOWS\System32\msvcp_win.dll
0x00007ffa9e460000 - 0x00007ffa9e6f3000 	C:\WINDOWS\WinSxS\amd64_microsoft.windows.common-controls_6595b64144ccf1df_6.0.26100.7824_none_3e0870b2e3345462\COMCTL32.dll
0x00007ffac1210000 - 0x00007ffac12b9000 	C:\WINDOWS\System32\msvcrt.dll
0x00007ffac22c0000 - 0x00007ffac22f1000 	C:\WINDOWS\System32\IMM32.DLL
0x00007ffab6ab0000 - 0x00007ffab6abc000 	c:\Users\Admin\.vscode\extensions\redhat.java-1.52.0-win32-x64\jre\21.0.9-win32-x86_64\bin\vcruntime140_1.dll
0x00007ffa493b0000 - 0x00007ffa4943d000 	c:\Users\Admin\.vscode\extensions\redhat.java-1.52.0-win32-x64\jre\21.0.9-win32-x86_64\bin\msvcp140.dll
0x00007ffa260e0000 - 0x00007ffa26e80000 	c:\Users\Admin\.vscode\extensions\redhat.java-1.52.0-win32-x64\jre\21.0.9-win32-x86_64\bin\server\jvm.dll
0x00007ffac1a90000 - 0x00007ffac1b44000 	C:\WINDOWS\System32\ADVAPI32.dll
0x00007ffac26e0000 - 0x00007ffac2786000 	C:\WINDOWS\System32\sechost.dll
0x00007ffac18a0000 - 0x00007ffac19b8000 	C:\WINDOWS\System32\RPCRT4.dll
0x00007ffac1450000 - 0x00007ffac14c4000 	C:\WINDOWS\System32\WS2_32.dll
0x00007ffabf760000 - 0x00007ffabf7be000 	C:\WINDOWS\SYSTEM32\POWRPROF.dll
0x00007ffab6c70000 - 0x00007ffab6c7b000 	C:\WINDOWS\SYSTEM32\VERSION.dll
0x00007ffab6d20000 - 0x00007ffab6d55000 	C:\WINDOWS\SYSTEM32\WINMM.dll
0x00007ffabf740000 - 0x00007ffabf754000 	C:\WINDOWS\SYSTEM32\UMPDC.dll
0x00007ffabe640000 - 0x00007ffabe65b000 	C:\WINDOWS\SYSTEM32\kernel.appcore.dll
0x00007ffab6aa0000 - 0x00007ffab6aaa000 	c:\Users\Admin\.vscode\extensions\redhat.java-1.52.0-win32-x64\jre\21.0.9-win32-x86_64\bin\jimage.dll
0x00007ffabd770000 - 0x00007ffabd9b2000 	C:\WINDOWS\SYSTEM32\DBGHELP.DLL
0x00007ffac2790000 - 0x00007ffac2b16000 	C:\WINDOWS\System32\combase.dll
0x00007ffac1370000 - 0x00007ffac1447000 	C:\WINDOWS\System32\OLEAUT32.dll
0x00007ffa97ec0000 - 0x00007ffa97efb000 	C:\WINDOWS\SYSTEM32\dbgcore.DLL
0x00007ffac0330000 - 0x00007ffac03d5000 	C:\WINDOWS\System32\bcryptPrimitives.dll
0x00007ffab6a90000 - 0x00007ffab6a9f000 	c:\Users\Admin\.vscode\extensions\redhat.java-1.52.0-win32-x64\jre\21.0.9-win32-x86_64\bin\instrument.dll
0x00007ffab6a70000 - 0x00007ffab6a90000 	c:\Users\Admin\.vscode\extensions\redhat.java-1.52.0-win32-x64\jre\21.0.9-win32-x86_64\bin\java.dll
0x00007ffac1b60000 - 0x00007ffac22b2000 	C:\WINDOWS\System32\SHELL32.dll
0x00007ffabfce0000 - 0x00007ffabfe4a000 	C:\WINDOWS\System32\wintypes.dll
0x00007ffac03e0000 - 0x00007ffac0c43000 	C:\WINDOWS\System32\windows.storage.dll
0x00007ffac1720000 - 0x00007ffac1816000 	C:\WINDOWS\System32\SHCORE.dll
0x00007ffac12f0000 - 0x00007ffac1357000 	C:\WINDOWS\System32\shlwapi.dll
0x00007ffabf800000 - 0x00007ffabf829000 	C:\WINDOWS\SYSTEM32\profapi.dll
0x00007ffab0a90000 - 0x00007ffab0aa8000 	c:\Users\Admin\.vscode\extensions\redhat.java-1.52.0-win32-x64\jre\21.0.9-win32-x86_64\bin\zip.dll
0x00007ffab09b0000 - 0x00007ffab09c0000 	C:\Users\Admin\.vscode\extensions\redhat.java-1.52.0-win32-x64\jre\21.0.9-win32-x86_64\bin\net.dll
0x00007ffab6370000 - 0x00007ffab6497000 	C:\WINDOWS\SYSTEM32\WINHTTP.dll
0x00007ffabeb90000 - 0x00007ffabebfb000 	C:\WINDOWS\system32\mswsock.dll
0x00007ffa7ba10000 - 0x00007ffa7ba26000 	C:\Users\Admin\.vscode\extensions\redhat.java-1.52.0-win32-x64\jre\21.0.9-win32-x86_64\bin\nio.dll
0x00007ffab0790000 - 0x00007ffab07a0000 	c:\Users\Admin\.vscode\extensions\redhat.java-1.52.0-win32-x64\jre\21.0.9-win32-x86_64\bin\verify.dll

JVMTI agents:
c:\Users\Admin\.vscode\extensions\redhat.java-1.52.0-win32-x64\lombok\lombok-1.18.39-4050.jar path:c:\Users\Admin\.vscode\extensions\redhat.java-1.52.0-win32-x64\jre\21.0.9-win32-x86_64\bin\instrument.dll, loaded, initialized, instrumentlib options:none

dbghelp: loaded successfully - version: 4.0.5 - missing functions: none
symbol engine: initialized successfully - sym options: 0x614 - pdb path: .;c:\Users\Admin\.vscode\extensions\redhat.java-1.52.0-win32-x64\jre\21.0.9-win32-x86_64\bin;C:\WINDOWS\SYSTEM32;C:\WINDOWS\WinSxS\amd64_microsoft.windows.common-controls_6595b64144ccf1df_6.0.26100.7824_none_3e0870b2e3345462;c:\Users\Admin\.vscode\extensions\redhat.java-1.52.0-win32-x64\jre\21.0.9-win32-x86_64\bin\server

VM Arguments:
jvm_args: --add-modules=ALL-SYSTEM --add-opens=java.base/java.util=ALL-UNNAMED --add-opens=java.base/java.lang=ALL-UNNAMED --add-opens=java.base/sun.nio.fs=ALL-UNNAMED -Declipse.application=org.eclipse.jdt.ls.core.id1 -Dosgi.bundles.defaultStartLevel=4 -Declipse.product=org.eclipse.jdt.ls.core.product -Djava.import.generatesMetadataFilesAtProjectRoot=false -DDetectVMInstallationsJob.disabled=true -Dfile.encoding=utf8 -XX:+UseParallelGC -XX:GCTimeRatio=4 -XX:AdaptiveSizePolicyWeight=90 -Dsun.zip.disableMemoryMapping=true -Xmx2G -Xms100m -Xlog:disable -javaagent:c:\Users\Admin\.vscode\extensions\redhat.java-1.52.0-win32-x64\lombok\lombok-1.18.39-4050.jar 
java_command: c:\Users\Admin\.vscode\extensions\redhat.java-1.52.0-win32-x64\server\plugins\org.eclipse.equinox.launcher_1.7.100.v20251111-0406.jar -configuration c:\Users\Admin\AppData\Roaming\Code\User\globalStorage\redhat.java\1.52.0\config_ss_win -data c:\Users\Admin\AppData\Roaming\Code\User\workspaceStorage\f7ca5dda7ea2e6fd09b9a0bb27dbb269\redhat.java\ss_ws --pipe=\\.\pipe\lsp-17eb2caa386b69d75da0ce815ba6832d-sock
java_class_path (initial): c:\Users\Admin\.vscode\extensions\redhat.java-1.52.0-win32-x64\server\plugins\org.eclipse.equinox.launcher_1.7.100.v20251111-0406.jar
Launcher Type: SUN_STANDARD

[Global flags]
    uintx AdaptiveSizePolicyWeight                 = 90                                        {product} {command line}
     intx CICompilerCount                          = 4                                         {product} {ergonomic}
    uintx GCTimeRatio                              = 4                                         {product} {command line}
   size_t InitialHeapSize                          = 104857600                                 {product} {command line}
   size_t MaxHeapSize                              = 2147483648                                {product} {command line}
   size_t MaxNewSize                               = 715653120                                 {product} {ergonomic}
   size_t MinHeapDeltaBytes                        = 524288                                    {product} {ergonomic}
   size_t MinHeapSize                              = 104857600                                 {product} {command line}
   size_t NewSize                                  = 34603008                                  {product} {ergonomic}
    uintx NonNMethodCodeHeapSize                   = 5839372                                {pd product} {ergonomic}
    uintx NonProfiledCodeHeapSize                  = 122909434                              {pd product} {ergonomic}
   size_t OldSize                                  = 70254592                                  {product} {ergonomic}
    uintx ProfiledCodeHeapSize                     = 122909434                              {pd product} {ergonomic}
    uintx ReservedCodeCacheSize                    = 251658240                              {pd product} {ergonomic}
     bool SegmentedCodeCache                       = true                                      {product} {ergonomic}
   size_t SoftMaxHeapSize                          = 2147483648                             {manageable} {ergonomic}
     bool UseCompressedOops                        = true                           {product lp64_product} {ergonomic}
     bool UseLargePagesIndividualAllocation        = false                                  {pd product} {ergonomic}
     bool UseParallelGC                            = true                                      {product} {command line}

Logging:
Log output configuration:
 #0: stdout all=off uptime,level,tags foldmultilines=false
 #1: stderr all=off uptime,level,tags foldmultilines=false

Release file:
JAVA_VERSION="21.0.9" 
MODULES="java.base java.compiler java.datatransfer java.xml java.prefs java.desktop java.instrument java.logging java.management java.security.sasl java.naming java.rmi java.management.rmi java.net.http java.scripting java.security.jgss java.transaction.xa java.sql java.sql.rowset java.xml.crypto java.se java.smartcardio jdk.accessibility jdk.internal.jvmstat jdk.attach jdk.charsets jdk.internal.opt jdk.zipfs jdk.compiler jdk.crypto.ec jdk.crypto.cryptoki jdk.crypto.mscapi jdk.dynalink jdk.internal.ed jdk.editpad jdk.hotspot.agent jdk.httpserver jdk.internal.le jdk.internal.vm.ci jdk.internal.vm.compiler jdk.internal.vm.compiler.management jdk.jartool jdk.javadoc jdk.jcmd jdk.management jdk.management.agent jdk.jconsole jdk.jdeps jdk.jdwp.agent jdk.jdi jdk.jfr jdk.jshell jdk.jsobject jdk.jstatd jdk.localedata jdk.management.jfr jdk.naming.dns jdk.naming.rmi jdk.net jdk.nio.mapmode jdk.random jdk.sctp jdk.security.auth jdk.security.jgss jdk.unsupported jdk.unsupported.desktop jdk.xml.dom" 

Environment Variables:
JAVA_HOME=D:\JAVA\jdk-17.0.12
PATH=C:\WINDOWS\system32;C:\WINDOWS;C:\WINDOWS\System32\Wbem;C:\WINDOWS\System32\WindowsPowerShell\v1.0\;C:\WINDOWS\System32\OpenSSH\;C:\Program Files\Git\cmd;C:\Program Files\Docker\Docker\resources\bin;C:\Program Files (x86)\Microsoft SQL Server\160\Tools\Binn\;C:\Program Files\Microsoft SQL Server\160\Tools\Binn\;C:\Program Files\Microsoft SQL Server\Client SDK\ODBC\170\Tools\Binn\;C:\Program Files\Microsoft SQL Server\160\DTS\Binn\;C:\Program Files\nodejs\;C:\apache-maven-3.9.9\bin;D:\JAVA\jdk-17.0.12\bin;C:\Program Files\Microsoft SQL Server\150\Tools\Binn\;C:\Program Files\dotnet\;C:\Program Files (x86)\Windows Kits\10\Windows Performance Toolkit\;D:\Ubnity\ffmpeg-7.1.1-essentials_build\bin;C:\Program Files\Cloudflare\Cloudflare WARP\;C:\Program Files\MongoDB\Server\8.2\bin;C:\Program Files\dotnet;D:\PRM393\flutter\bin;C:\Users\Admin\.cargo\bin;C:\Users\Admin\AppData\Local\Programs\Python\Python313\Scripts\;C:\Users\Admin\AppData\Local\Programs\Python\Python313\;C:\Users\Admin\AppData\Local\Microsoft\WindowsApps;C:\Users\Admin\AppData\Local\Programs\cursor\resources\app\bin;C:\Users\Admin\.lmstudio\bin;C:\Users\Admin\AppData\Roaming\npm;C:\Users\Admin\.dotnet\tools;C:\Users\Admin\AppData\Local\Programs\Microsoft VS Code\bin;C:\Users\Admin\AppData\Local\Microsoft\WindowsApps;C:\Program Files\mongosh\;C:\Users\Admin\AppData\Local\Programs\Microsoft VS Code Insiders\bin;C:\Users\Admin\AppData\Local\Programs\Antigravity\bin
USERNAME=Admin
OS=Windows_NT
PROCESSOR_IDENTIFIER=Intel64 Family 6 Model 140 Stepping 1, GenuineIntel
TMP=C:\Users\Admin\AppData\Local\Temp
TEMP=C:\Users\Admin\AppData\Local\Temp




Periodic native trim disabled

---------------  S Y S T E M  ---------------

OS:
 Windows 11 , 64 bit Build 26100 (10.0.26100.7705)
OS uptime: 0 days 0:05 hours
Hyper-V role detected

CPU: total 8 (initial active 8) (4 cores per cpu, 2 threads per core) family 6 model 140 stepping 1 microcode 0xbe, cx8, cmov, fxsr, ht, mmx, 3dnowpref, sse, sse2, sse3, ssse3, sse4.1, sse4.2, popcnt, lzcnt, tsc, tscinvbit, avx, avx2, aes, erms, clmul, bmi1, bmi2, adx, avx512f, avx512dq, avx512cd, avx512bw, avx512vl, sha, fma, vzeroupper, avx512_vpopcntdq, avx512_vpclmulqdq, avx512_vaes, avx512_vnni, clflush, clflushopt, clwb, avx512_vbmi2, avx512_vbmi, hv, rdtscp, rdpid, fsrm, gfni, avx512_bitalg, f16c, cet_ibt, cet_ss, avx512_ifma
Processor Information for the first 8 processors :
  Max Mhz: 2419, Current Mhz: 2419, Mhz Limit: 2419

Memory: 4k page, system-wide physical 7934M (1482M free)
TotalPageFile size 9982M (AvailPageFile size 6M)
current process WorkingSet (physical memory assigned to process): 82M, peak: 95M
current process commit charge ("private bytes"): 233M, peak: 244M

vm_info: OpenJDK 64-Bit Server VM (21.0.9+10-LTS) for windows-amd64 JRE (21.0.9+10-LTS), built on 2025-10-21T00:00:00Z by "admin" with unknown MS VC++:1942

END.
