[INFO] Scanning for projects...
[INFO] 
[INFO] ----------------< com.example:PixelMageEcomerceProject >----------------
[INFO] Building PixelMageEcomerceProject 0.0.1-SNAPSHOT
[INFO]   from pom.xml
[INFO] --------------------------------[ jar ]---------------------------------
[INFO] 
[INFO] --- clean:3.4.0:clean (default-clean) @ PixelMageEcomerceProject ---
[INFO] Deleting D:\Minh\FU_Learning\EXE202\PixelMage_Rebase\project_src\BE\PixelMageEcomerceProject\target
[INFO] 
[INFO] --- resources:3.3.1:resources (default-resources) @ PixelMageEcomerceProject ---
[INFO] Copying 1 resource from src\main\resources to target\classes
[INFO] Copying 1 resource from src\main\resources to target\classes
[INFO] 
[INFO] --- compiler:3.13.0:compile (default-compile) @ PixelMageEcomerceProject ---
[INFO] Recompiling the module because of changed source code.
[INFO] Compiling 133 source files with javac [debug parameters release 17] to target\classes
[INFO] -------------------------------------------------------------
[ERROR] COMPILATION ERROR : 
[INFO] -------------------------------------------------------------
[ERROR] /D:/Minh/FU_Learning/EXE202/PixelMage_Rebase/project_src/BE/PixelMageEcomerceProject/src/main/java/com/example/PixelMageEcomerceProject/entity/Spread.java:[6,36] package com.pixelmage.reading.entity does not exist
[INFO] 1 error
[INFO] -------------------------------------------------------------
[INFO] ------------------------------------------------------------------------
[INFO] BUILD FAILURE
[INFO] ------------------------------------------------------------------------
[INFO] Total time:  6.488 s
[INFO] Finished at: 2026-03-08T11:48:30+07:00
[INFO] ------------------------------------------------------------------------
[ERROR] Failed to execute goal org.apache.maven.plugins:maven-compiler-plugin:3.13.0:compile (default-compile) on project PixelMageEcomerceProject: Compilation failure
[ERROR] /D:/Minh/FU_Learning/EXE202/PixelMage_Rebase/project_src/BE/PixelMageEcomerceProject/src/main/java/com/example/PixelMageEcomerceProject/entity/Spread.java:[6,36] package com.pixelmage.reading.entity does not exist
[ERROR] 
[ERROR] -> [Help 1]
[ERROR] 
[ERROR] To see the full stack trace of the errors, re-run Maven with the -e switch.
[ERROR] Re-run Maven using the -X switch to enable full debug logging.
[ERROR] 
[ERROR] For more information about the errors and possible solutions, please read the following articles:
[ERROR] [Help 1] http://cwiki.apache.org/confluence/display/MAVEN/MojoFailureException
