remote: error: GH013: Repository rule violations found for refs/heads/MinhHT.        
remote: 
remote: - GITHUB PUSH PROTECTION        
remote:   풉칂칬풉칂칬풉칂칬풉칂칬풉칂칬풉칂칬풉칂칬풉칂칬풉칂칬풉칂칬풉칂칬풉칂칬풉칂칬풉칂칬풉칂칬풉칂칬풉칂칬풉칂칬풉칂칬풉칂칬풉칂칬풉칂칬풉칂칬풉칂칬풉칂칬풉칂칬풉칂칬풉칂칬풉칂칬풉칂칬풉칂칬풉칂칬풉칂칬풉칂칬풉칂칬풉칂칬풉칂칬풉칂칬풉칂칬풉칂칬풉칂칬        
remote:     Resolve the following violations before pushing again        
remote: 
remote:     - Push cannot contain secrets        
remote: 
remote:             
remote:      (?) Learn how to resolve a blocked push        
remote:      https://docs.github.com/code-security/secret-scanning/working-with-secret-scanning-and-push-protection/working-with-push-protection-from-the-command-line#resolving-a-blocked-push        
remote:             
remote:             
remote:       풉칂칬풉칂칬 Google OAuth Client ID 풉칂칬풉칂칬풉칂칬풉칂칬풉칂칬풉칂칬풉칂칬풉칂칬풉칂칬풉칂칬풉칂칬풉칂칬풉칂칬풉칂칬풉칂칬풉칂칬풉칂칬풉칂칬풉칂칬풉칂칬풉칂칬풉칂칬풉칂칬풉칂칬풉칂칬풉칂칬풉칂칬풉칂칬        
remote:        locations:        
remote:          - commit: a887faef8a5b3d8c2d76f197567630f64f4f09ac        
remote:            path: .env.local.example:26        
remote:          - commit: a887faef8a5b3d8c2d76f197567630f64f4f09ac        
remote:            path: src/main/resources/.env:29        
remote:             
remote:        (?) To push, remove secret from commit(s) or follow this URL to allow the secret.        
remote:        https://github.com/KILIGG154/PixelMageEcomerceProject/security/secret-scanning/unblock-secret/3AeWfPEJG3wbk4FJ9hDKkjT11oo        
remote:             
remote:             
remote:       풉칂칬풉칂칬 Google OAuth Client Secret 풉칂칬풉칂칬풉칂칬풉칂칬풉칂칬풉칂칬풉칂칬풉칂칬풉칂칬풉칂칬풉칂칬풉칂칬풉칂칬풉칂칬풉칂칬풉칂칬풉칂칬풉칂칬풉칂칬풉칂칬풉칂칬풉칂칬풉칂칬풉칂칬        
remote:        locations:        
remote:          - commit: a887faef8a5b3d8c2d76f197567630f64f4f09ac        
remote:            path: .env.local.example:27        
remote:          - commit: a887faef8a5b3d8c2d76f197567630f64f4f09ac        
remote:            path: src/main/resources/.env:30        
remote:             
remote:        (?) To push, remove secret from commit(s) or follow this URL to allow the secret.        
remote:        https://github.com/KILIGG154/PixelMageEcomerceProject/security/secret-scanning/unblock-secret/3AeWfPrvLqII66Gxnmv3jJsS4zX        
remote:             
remote: 
remote: 
To https://github.com/KILIGG154/PixelMageEcomerceProject.git
 ! [remote rejected] MinhHT -> MinhHT (push declined due to repository rule violations)
error: failed to push some refs to 'https://github.com/KILIGG154/PixelMageEcomerceProject.git'
