[INFO] Scanning for projects...
[INFO] 
[INFO] ----------------< com.example:PixelMageEcomerceProject >----------------
[INFO] Building PixelMageEcomerceProject 0.0.1-SNAPSHOT
[INFO]   from pom.xml
[INFO] --------------------------------[ jar ]---------------------------------
[INFO] 
[INFO] >>> spring-boot:3.4.2:run (default-cli) > test-compile @ PixelMageEcomerceProject >>>
[INFO] 
[INFO] --- resources:3.3.1:resources (default-resources) @ PixelMageEcomerceProject ---
[INFO] Copying 1 resource from src\main\resources to target\classes
[INFO] Copying 1 resource from src\main\resources to target\classes
[INFO] 
[INFO] --- compiler:3.13.0:compile (default-compile) @ PixelMageEcomerceProject ---
[INFO] Nothing to compile - all classes are up to date.
[INFO] 
[INFO] --- resources:3.3.1:testResources (default-testResources) @ PixelMageEcomerceProject ---
[INFO] skip non existing resourceDirectory D:\Minh\FU_Learning\EXE202\PixelMage_Rebase\project_src\BE\PixelMageEcomerceProject\src\test\resources
[INFO] 
[INFO] --- compiler:3.13.0:testCompile (default-testCompile) @ PixelMageEcomerceProject ---
[INFO] Nothing to compile - all classes are up to date.
[INFO] 
[INFO] <<< spring-boot:3.4.2:run (default-cli) < test-compile @ PixelMageEcomerceProject <<<
[INFO] 
[INFO] 
[INFO] --- spring-boot:3.4.2:run (default-cli) @ PixelMageEcomerceProject ---
[INFO] Attaching agents: []

  .   ____          _            __ _ _
 /\\ / ___'_ __ _ _(_)_ __  __ _ \ \ \ \
( ( )\___ | '_ | '_| | '_ \/ _` | \ \ \ \
 \\/  ___)| |_)| | | | | || (_| |  ) ) ) )
  '  |____| .__|_| |_|_| |_\__, | / / / /
 =========|_|==============|___/=/_/_/_/

 :: Spring Boot ::                (v3.4.2)

2026-03-10T11:12:19.533+07:00  INFO 9752 --- [PixelMageEcomerceProject] [  restartedMain] .e.P.PixelMageEcomerceProjectApplication : Starting PixelMageEcomerceProjectApplication using Java 21.0.7 with PID 9752 (D:\Minh\FU_Learning\EXE202\PixelMage_Rebase\project_src\BE\PixelMageEcomerceProject\target\classes started by Admin in D:\Minh\FU_Learning\EXE202\PixelMage_Rebase\project_src\BE\PixelMageEcomerceProject)
2026-03-10T11:12:19.535+07:00  INFO 9752 --- [PixelMageEcomerceProject] [  restartedMain] .e.P.PixelMageEcomerceProjectApplication : No active profile set, falling back to 1 default profile: "default"
2026-03-10T11:12:19.569+07:00  INFO 9752 --- [PixelMageEcomerceProject] [  restartedMain] .e.DevToolsPropertyDefaultsPostProcessor : Devtools property defaults active! Set 'spring.devtools.add-properties' to 'false' to disable
2026-03-10T11:12:19.569+07:00  INFO 9752 --- [PixelMageEcomerceProject] [  restartedMain] .e.DevToolsPropertyDefaultsPostProcessor : For additional web related logging consider setting the 'logging.level.web' property to 'DEBUG'
2026-03-10T11:12:20.544+07:00  INFO 9752 --- [PixelMageEcomerceProject] [  restartedMain] .s.d.r.c.RepositoryConfigurationDelegate : Multiple Spring Data modules found, entering strict repository configuration mode
2026-03-10T11:12:20.546+07:00  INFO 9752 --- [PixelMageEcomerceProject] [  restartedMain] .s.d.r.c.RepositoryConfigurationDelegate : Bootstrapping Spring Data JPA repositories in DEFAULT mode.
2026-03-10T11:12:20.851+07:00  INFO 9752 --- [PixelMageEcomerceProject] [  restartedMain] .s.d.r.c.RepositoryConfigurationDelegate : Finished Spring Data repository scanning in 298 ms. Found 30 JPA repository interfaces.
2026-03-10T11:12:20.866+07:00  INFO 9752 --- [PixelMageEcomerceProject] [  restartedMain] .s.d.r.c.RepositoryConfigurationDelegate : Multiple Spring Data modules found, entering strict repository configuration mode
2026-03-10T11:12:20.866+07:00  INFO 9752 --- [PixelMageEcomerceProject] [  restartedMain] .s.d.r.c.RepositoryConfigurationDelegate : Bootstrapping Spring Data Redis repositories in DEFAULT mode.
2026-03-10T11:12:20.887+07:00  INFO 9752 --- [PixelMageEcomerceProject] [  restartedMain] .RepositoryConfigurationExtensionSupport : Spring Data Redis - Could not safely identify store assignment for repository candidate interface com.example.PixelMageEcomerceProject.repository.AccountRepository; If you want this repository to be a Redis repository, consider annotating your entities with one of these annotations: org.springframework.data.redis.core.RedisHash (preferred), or consider extending one of the following types with your repository: org.springframework.data.keyvalue.repository.KeyValueRepository
2026-03-10T11:12:20.887+07:00  INFO 9752 --- [PixelMageEcomerceProject] [  restartedMain] .RepositoryConfigurationExtensionSupport : Spring Data Redis - Could not safely identify store assignment for repository candidate interface com.example.PixelMageEcomerceProject.repository.CardCollectionRepository; If you want this repository to be a Redis repository, consider annotating your entities with one of these annotations: org.springframework.data.redis.core.RedisHash (preferred), or consider extending one of the following types with your repository: org.springframework.data.keyvalue.repository.KeyValueRepository
2026-03-10T11:12:20.887+07:00  INFO 9752 --- [PixelMageEcomerceProject] [  restartedMain] .RepositoryConfigurationExtensionSupport : Spring Data Redis - Could not safely identify store assignment for repository candidate interface com.example.PixelMageEcomerceProject.repository.CardContentRepository; If you want this repository to be a Redis repository, consider annotating your entities with one of these annotations: org.springframework.data.redis.core.RedisHash (preferred), or consider extending one of the following types with your repository: org.springframework.data.keyvalue.repository.KeyValueRepository
2026-03-10T11:12:20.887+07:00  INFO 9752 --- [PixelMageEcomerceProject] [  restartedMain] .RepositoryConfigurationExtensionSupport : Spring Data Redis - Could not safely identify store assignment for repository candidate interface com.example.PixelMageEcomerceProject.repository.CardFrameworkRepository; If you want this repository to be a Redis repository, consider annotating your entities with one of these annotations: org.springframework.data.redis.core.RedisHash (preferred), or consider extending one of the following types with your repository: org.springframework.data.keyvalue.repository.KeyValueRepository
2026-03-10T11:12:20.888+07:00  INFO 9752 --- [PixelMageEcomerceProject] [  restartedMain] .RepositoryConfigurationExtensionSupport : Spring Data Redis - Could not safely identify store assignment for repository candidate interface com.example.PixelMageEcomerceProject.repository.CardPriceTierRepository; If you want this repository to be a Redis repository, consider annotating your entities with one of these annotations: org.springframework.data.redis.core.RedisHash (preferred), or consider extending one of the following types with your repository: org.springframework.data.keyvalue.repository.KeyValueRepository
2026-03-10T11:12:20.888+07:00  INFO 9752 --- [PixelMageEcomerceProject] [  restartedMain] .RepositoryConfigurationExtensionSupport : Spring Data Redis - Could not safely identify store assignment for repository candidate interface com.example.PixelMageEcomerceProject.repository.CardRepository; If you want this repository to be a Redis repository, consider annotating your entities with one of these annotations: org.springframework.data.redis.core.RedisHash (preferred), or consider extending one of the following types with your repository: org.springframework.data.keyvalue.repository.KeyValueRepository
2026-03-10T11:12:20.888+07:00  INFO 9752 --- [PixelMageEcomerceProject] [  restartedMain] .RepositoryConfigurationExtensionSupport : Spring Data Redis - Could not safely identify store assignment for repository candidate interface com.example.PixelMageEcomerceProject.repository.CardTemplateRepository; If you want this repository to be a Redis repository, consider annotating your entities with one of these annotations: org.springframework.data.redis.core.RedisHash (preferred), or consider extending one of the following types with your repository: org.springframework.data.keyvalue.repository.KeyValueRepository
2026-03-10T11:12:20.888+07:00  INFO 9752 --- [PixelMageEcomerceProject] [  restartedMain] .RepositoryConfigurationExtensionSupport : Spring Data Redis - Could not safely identify store assignment for repository candidate interface com.example.PixelMageEcomerceProject.repository.CollectionItemRepository; If you want this repository to be a Redis repository, consider annotating your entities with one of these annotations: org.springframework.data.redis.core.RedisHash (preferred), or consider extending one of the following types with your repository: org.springframework.data.keyvalue.repository.KeyValueRepository
2026-03-10T11:12:20.889+07:00  INFO 9752 --- [PixelMageEcomerceProject] [  restartedMain] .RepositoryConfigurationExtensionSupport : Spring Data Redis - Could not safely identify store assignment for repository candidate interface com.example.PixelMageEcomerceProject.repository.CollectionRewardRepository; If you want this repository to be a Redis repository, consider annotating your entities with one of these annotations: org.springframework.data.redis.core.RedisHash (preferred), or consider extending one of the following types with your repository: org.springframework.data.keyvalue.repository.KeyValueRepository
2026-03-10T11:12:20.889+07:00  INFO 9752 --- [PixelMageEcomerceProject] [  restartedMain] .RepositoryConfigurationExtensionSupport : Spring Data Redis - Could not safely identify store assignment for repository candidate interface com.example.PixelMageEcomerceProject.repository.DivineHelperRepository; If you want this repository to be a Redis repository, consider annotating your entities with one of these annotations: org.springframework.data.redis.core.RedisHash (preferred), or consider extending one of the following types with your repository: org.springframework.data.keyvalue.repository.KeyValueRepository
2026-03-10T11:12:20.889+07:00  INFO 9752 --- [PixelMageEcomerceProject] [  restartedMain] .RepositoryConfigurationExtensionSupport : Spring Data Redis - Could not safely identify store assignment for repository candidate interface com.example.PixelMageEcomerceProject.repository.InventoryRepository; If you want this repository to be a Redis repository, consider annotating your entities with one of these annotations: org.springframework.data.redis.core.RedisHash (preferred), or consider extending one of the following types with your repository: org.springframework.data.keyvalue.repository.KeyValueRepository
2026-03-10T11:12:20.889+07:00  INFO 9752 --- [PixelMageEcomerceProject] [  restartedMain] .RepositoryConfigurationExtensionSupport : Spring Data Redis - Could not safely identify store assignment for repository candidate interface com.example.PixelMageEcomerceProject.repository.OrderItemRepository; If you want this repository to be a Redis repository, consider annotating your entities with one of these annotations: org.springframework.data.redis.core.RedisHash (preferred), or consider extending one of the following types with your repository: org.springframework.data.keyvalue.repository.KeyValueRepository
2026-03-10T11:12:20.889+07:00  INFO 9752 --- [PixelMageEcomerceProject] [  restartedMain] .RepositoryConfigurationExtensionSupport : Spring Data Redis - Could not safely identify store assignment for repository candidate interface com.example.PixelMageEcomerceProject.repository.OrderRepository; If you want this repository to be a Redis repository, consider annotating your entities with one of these annotations: org.springframework.data.redis.core.RedisHash (preferred), or consider extending one of the following types with your repository: org.springframework.data.keyvalue.repository.KeyValueRepository
2026-03-10T11:12:20.890+07:00  INFO 9752 --- [PixelMageEcomerceProject] [  restartedMain] .RepositoryConfigurationExtensionSupport : Spring Data Redis - Could not safely identify store assignment for repository candidate interface com.example.PixelMageEcomerceProject.repository.PackDetailRepository; If you want this repository to be a Redis repository, consider annotating your entities with one of these annotations: org.springframework.data.redis.core.RedisHash (preferred), or consider extending one of the following types with your repository: org.springframework.data.keyvalue.repository.KeyValueRepository
2026-03-10T11:12:20.890+07:00  INFO 9752 --- [PixelMageEcomerceProject] [  restartedMain] .RepositoryConfigurationExtensionSupport : Spring Data Redis - Could not safely identify store assignment for repository candidate interface com.example.PixelMageEcomerceProject.repository.PackRepository; If you want this repository to be a Redis repository, consider annotating your entities with one of these annotations: org.springframework.data.redis.core.RedisHash (preferred), or consider extending one of the following types with your repository: org.springframework.data.keyvalue.repository.KeyValueRepository
2026-03-10T11:12:20.890+07:00  INFO 9752 --- [PixelMageEcomerceProject] [  restartedMain] .RepositoryConfigurationExtensionSupport : Spring Data Redis - Could not safely identify store assignment for repository candidate interface com.example.PixelMageEcomerceProject.repository.PaymentRepository; If you want this repository to be a Redis repository, consider annotating your entities with one of these annotations: org.springframework.data.redis.core.RedisHash (preferred), or consider extending one of the following types with your repository: org.springframework.data.keyvalue.repository.KeyValueRepository
2026-03-10T11:12:20.890+07:00  INFO 9752 --- [PixelMageEcomerceProject] [  restartedMain] .RepositoryConfigurationExtensionSupport : Spring Data Redis - Could not safely identify store assignment for repository candidate interface com.example.PixelMageEcomerceProject.repository.ProductRepository; If you want this repository to be a Redis repository, consider annotating your entities with one of these annotations: org.springframework.data.redis.core.RedisHash (preferred), or consider extending one of the following types with your repository: org.springframework.data.keyvalue.repository.KeyValueRepository
2026-03-10T11:12:20.890+07:00  INFO 9752 --- [PixelMageEcomerceProject] [  restartedMain] .RepositoryConfigurationExtensionSupport : Spring Data Redis - Could not safely identify store assignment for repository candidate interface com.example.PixelMageEcomerceProject.repository.PurchaseOrderLineRepository; If you want this repository to be a Redis repository, consider annotating your entities with one of these annotations: org.springframework.data.redis.core.RedisHash (preferred), or consider extending one of the following types with your repository: org.springframework.data.keyvalue.repository.KeyValueRepository
2026-03-10T11:12:20.890+07:00  INFO 9752 --- [PixelMageEcomerceProject] [  restartedMain] .RepositoryConfigurationExtensionSupport : Spring Data Redis - Could not safely identify store assignment for repository candidate interface com.example.PixelMageEcomerceProject.repository.PurchaseOrderRepository; If you want this repository to be a Redis repository, consider annotating your entities with one of these annotations: org.springframework.data.redis.core.RedisHash (preferred), or consider extending one of the following types with your repository: org.springframework.data.keyvalue.repository.KeyValueRepository
2026-03-10T11:12:20.890+07:00  INFO 9752 --- [PixelMageEcomerceProject] [  restartedMain] .RepositoryConfigurationExtensionSupport : Spring Data Redis - Could not safely identify store assignment for repository candidate interface com.example.PixelMageEcomerceProject.repository.ReadingCardRepository; If you want this repository to be a Redis repository, consider annotating your entities with one of these annotations: org.springframework.data.redis.core.RedisHash (preferred), or consider extending one of the following types with your repository: org.springframework.data.keyvalue.repository.KeyValueRepository
2026-03-10T11:12:20.890+07:00  INFO 9752 --- [PixelMageEcomerceProject] [  restartedMain] .RepositoryConfigurationExtensionSupport : Spring Data Redis - Could not safely identify store assignment for repository candidate interface com.example.PixelMageEcomerceProject.repository.ReadingSessionRepository; If you want this repository to be a Redis repository, consider annotating your entities with one of these annotations: org.springframework.data.redis.core.RedisHash (preferred), or consider extending one of the following types with your repository: org.springframework.data.keyvalue.repository.KeyValueRepository
2026-03-10T11:12:20.890+07:00  INFO 9752 --- [PixelMageEcomerceProject] [  restartedMain] .RepositoryConfigurationExtensionSupport : Spring Data Redis - Could not safely identify store assignment for repository candidate interface com.example.PixelMageEcomerceProject.repository.RoleRepository; If you want this repository to be a Redis repository, consider annotating your entities with one of these annotations: org.springframework.data.redis.core.RedisHash (preferred), or consider extending one of the following types with your repository: org.springframework.data.keyvalue.repository.KeyValueRepository
2026-03-10T11:12:20.890+07:00  INFO 9752 --- [PixelMageEcomerceProject] [  restartedMain] .RepositoryConfigurationExtensionSupport : Spring Data Redis - Could not safely identify store assignment for repository candidate interface com.example.PixelMageEcomerceProject.repository.SetStoryRepository; If you want this repository to be a Redis repository, consider annotating your entities with one of these annotations: org.springframework.data.redis.core.RedisHash (preferred), or consider extending one of the following types with your repository: org.springframework.data.keyvalue.repository.KeyValueRepository
2026-03-10T11:12:20.890+07:00  INFO 9752 --- [PixelMageEcomerceProject] [  restartedMain] .RepositoryConfigurationExtensionSupport : Spring Data Redis - Could not safely identify store assignment for repository candidate interface com.example.PixelMageEcomerceProject.repository.SpreadRepository; If you want this repository to be a Redis repository, consider annotating your entities with one of these annotations: org.springframework.data.redis.core.RedisHash (preferred), or consider extending one of the following types with your repository: org.springframework.data.keyvalue.repository.KeyValueRepository
2026-03-10T11:12:20.890+07:00  INFO 9752 --- [PixelMageEcomerceProject] [  restartedMain] .RepositoryConfigurationExtensionSupport : Spring Data Redis - Could not safely identify store assignment for repository candidate interface com.example.PixelMageEcomerceProject.repository.SupplierRepository; If you want this repository to be a Redis repository, consider annotating your entities with one of these annotations: org.springframework.data.redis.core.RedisHash (preferred), or consider extending one of the following types with your repository: org.springframework.data.keyvalue.repository.KeyValueRepository
2026-03-10T11:12:20.892+07:00  INFO 9752 --- [PixelMageEcomerceProject] [  restartedMain] .RepositoryConfigurationExtensionSupport : Spring Data Redis - Could not safely identify store assignment for repository candidate interface com.example.PixelMageEcomerceProject.repository.UserCollectionProgressRepository; If you want this repository to be a Redis repository, consider annotating your entities with one of these annotations: org.springframework.data.redis.core.RedisHash (preferred), or consider extending one of the following types with your repository: org.springframework.data.keyvalue.repository.KeyValueRepository
2026-03-10T11:12:20.892+07:00  INFO 9752 --- [PixelMageEcomerceProject] [  restartedMain] .RepositoryConfigurationExtensionSupport : Spring Data Redis - Could not safely identify store assignment for repository candidate interface com.example.PixelMageEcomerceProject.repository.UserInventoryRepository; If you want this repository to be a Redis repository, consider annotating your entities with one of these annotations: org.springframework.data.redis.core.RedisHash (preferred), or consider extending one of the following types with your repository: org.springframework.data.keyvalue.repository.KeyValueRepository
2026-03-10T11:12:20.892+07:00  INFO 9752 --- [PixelMageEcomerceProject] [  restartedMain] .RepositoryConfigurationExtensionSupport : Spring Data Redis - Could not safely identify store assignment for repository candidate interface com.example.PixelMageEcomerceProject.repository.UserStoryUnlockRepository; If you want this repository to be a Redis repository, consider annotating your entities with one of these annotations: org.springframework.data.redis.core.RedisHash (preferred), or consider extending one of the following types with your repository: org.springframework.data.keyvalue.repository.KeyValueRepository
2026-03-10T11:12:20.892+07:00  INFO 9752 --- [PixelMageEcomerceProject] [  restartedMain] .RepositoryConfigurationExtensionSupport : Spring Data Redis - Could not safely identify store assignment for repository candidate interface com.example.PixelMageEcomerceProject.repository.WarehouseRepository; If you want this repository to be a Redis repository, consider annotating your entities with one of these annotations: org.springframework.data.redis.core.RedisHash (preferred), or consider extending one of the following types with your repository: org.springframework.data.keyvalue.repository.KeyValueRepository
2026-03-10T11:12:20.892+07:00  INFO 9752 --- [PixelMageEcomerceProject] [  restartedMain] .RepositoryConfigurationExtensionSupport : Spring Data Redis - Could not safely identify store assignment for repository candidate interface com.example.PixelMageEcomerceProject.repository.WarehouseTransactionRepository; If you want this repository to be a Redis repository, consider annotating your entities with one of these annotations: org.springframework.data.redis.core.RedisHash (preferred), or consider extending one of the following types with your repository: org.springframework.data.keyvalue.repository.KeyValueRepository
2026-03-10T11:12:20.892+07:00  INFO 9752 --- [PixelMageEcomerceProject] [  restartedMain] .s.d.r.c.RepositoryConfigurationDelegate : Finished Spring Data repository scanning in 14 ms. Found 0 Redis repository interfaces.
2026-03-10T11:12:21.528+07:00  INFO 9752 --- [PixelMageEcomerceProject] [  restartedMain] o.s.b.w.embedded.tomcat.TomcatWebServer  : Tomcat initialized with port 8080 (http)
2026-03-10T11:12:21.541+07:00  INFO 9752 --- [PixelMageEcomerceProject] [  restartedMain] o.apache.catalina.core.StandardService   : Starting service [Tomcat]
2026-03-10T11:12:21.541+07:00  INFO 9752 --- [PixelMageEcomerceProject] [  restartedMain] o.apache.catalina.core.StandardEngine    : Starting Servlet engine: [Apache Tomcat/10.1.34]
2026-03-10T11:12:21.589+07:00  INFO 9752 --- [PixelMageEcomerceProject] [  restartedMain] o.a.c.c.C.[Tomcat].[localhost].[/]       : Initializing Spring embedded WebApplicationContext
2026-03-10T11:12:21.590+07:00  INFO 9752 --- [PixelMageEcomerceProject] [  restartedMain] w.s.c.ServletWebServerApplicationContext : Root WebApplicationContext: initialization completed in 2021 ms
2026-03-10T11:12:21.720+07:00  INFO 9752 --- [PixelMageEcomerceProject] [  restartedMain] o.hibernate.jpa.internal.util.LogHelper  : HHH000204: Processing PersistenceUnitInfo [name: default]
2026-03-10T11:12:21.770+07:00  INFO 9752 --- [PixelMageEcomerceProject] [  restartedMain] org.hibernate.Version                    : HHH000412: Hibernate ORM core version 6.6.5.Final
2026-03-10T11:12:21.799+07:00  INFO 9752 --- [PixelMageEcomerceProject] [  restartedMain] o.h.c.internal.RegionFactoryInitiator    : HHH000026: Second-level cache disabled
2026-03-10T11:12:21.991+07:00  INFO 9752 --- [PixelMageEcomerceProject] [  restartedMain] o.s.o.j.p.SpringPersistenceUnitInfo      : No LoadTimeWeaver setup: ignoring JPA class transformer
2026-03-10T11:12:22.021+07:00  INFO 9752 --- [PixelMageEcomerceProject] [  restartedMain] com.zaxxer.hikari.HikariDataSource       : HikariPool-1 - Starting...
2026-03-10T11:12:22.160+07:00  INFO 9752 --- [PixelMageEcomerceProject] [  restartedMain] com.zaxxer.hikari.pool.HikariPool        : HikariPool-1 - Added connection org.postgresql.jdbc.PgConnection@26b2cd04
2026-03-10T11:12:22.162+07:00  INFO 9752 --- [PixelMageEcomerceProject] [  restartedMain] com.zaxxer.hikari.HikariDataSource       : HikariPool-1 - Start completed.
2026-03-10T11:12:22.186+07:00  WARN 9752 --- [PixelMageEcomerceProject] [  restartedMain] org.hibernate.orm.deprecation            : HHH90000025: PostgreSQLDialect does not need to be specified explicitly using 'hibernate.dialect' (remove the property setting and it will be selected by default)
2026-03-10T11:12:22.203+07:00  INFO 9752 --- [PixelMageEcomerceProject] [  restartedMain] org.hibernate.orm.connections.pooling    : HHH10001005: Database info:
	Database JDBC URL [Connecting through datasource 'HikariDataSource (HikariPool-1)']
	Database driver: undefined/unknown
	Database version: 15.17
	Autocommit mode: undefined/unknown
	Isolation level: undefined/unknown
	Minimum pool size: undefined/unknown
	Maximum pool size: undefined/unknown
2026-03-10T11:12:23.420+07:00  INFO 9752 --- [PixelMageEcomerceProject] [  restartedMain] o.h.e.t.j.p.i.JtaPlatformInitiator       : HHH000489: No JTA platform available (set 'hibernate.transaction.jta.platform' to enable JTA platform integration)
2026-03-10T11:12:26.560+07:00  INFO 9752 --- [PixelMageEcomerceProject] [  restartedMain] j.LocalContainerEntityManagerFactoryBean : Initialized JPA EntityManagerFactory for persistence unit 'default'
2026-03-10T11:12:26.965+07:00  INFO 9752 --- [PixelMageEcomerceProject] [  restartedMain] eAuthenticationProviderManagerConfigurer : Global AuthenticationManager configured with AuthenticationProvider bean with name authenticationProvider
2026-03-10T11:12:26.966+07:00  WARN 9752 --- [PixelMageEcomerceProject] [  restartedMain] r$InitializeUserDetailsManagerConfigurer : Global AuthenticationManager configured with an AuthenticationProvider bean. UserDetailsService beans will not be used by Spring Security for automatically configuring username/password login. Consider removing the AuthenticationProvider bean. Alternatively, consider using the UserDetailsService in a manually instantiated DaoAuthenticationProvider. If the current configuration is intentional, to turn off this warning, increase the logging level of 'org.springframework.security.config.annotation.authentication.configuration.InitializeUserDetailsBeanManagerConfigurer' to ERROR
2026-03-10T11:12:27.024+07:00  INFO 9752 --- [PixelMageEcomerceProject] [  restartedMain] o.s.d.j.r.query.QueryEnhancerFactory     : Hibernate is in classpath; If applicable, HQL parser will be used.
2026-03-10T11:12:29.827+07:00  INFO 9752 --- [PixelMageEcomerceProject] [  restartedMain] o.s.b.d.a.OptionalLiveReloadServer       : LiveReload server is running on port 35729
2026-03-10T11:12:29.856+07:00  INFO 9752 --- [PixelMageEcomerceProject] [  restartedMain] o.s.b.w.embedded.tomcat.TomcatWebServer  : Tomcat started on port 8080 (http) with context path '/'
2026-03-10T11:12:29.863+07:00  INFO 9752 --- [PixelMageEcomerceProject] [  restartedMain] .e.P.PixelMageEcomerceProjectApplication : Started PixelMageEcomerceProjectApplication in 10.652 seconds (process running for 11.042)
2026-03-10T11:12:34.457+07:00  INFO 9752 --- [PixelMageEcomerceProject] [   File Watcher] rtingClassPathChangeChangedEventListener : Restarting due to 189 class path changes (0 additions, 189 deletions, 0 modifications)
2026-03-10T11:12:34.460+07:00  INFO 9752 --- [PixelMageEcomerceProject] [       Thread-5] o.s.b.w.e.tomcat.GracefulShutdown        : Commencing graceful shutdown. Waiting for active requests to complete
2026-03-10T11:12:34.475+07:00  INFO 9752 --- [PixelMageEcomerceProject] [tomcat-shutdown] o.s.b.w.e.tomcat.GracefulShutdown        : Graceful shutdown complete
2026-03-10T11:12:34.492+07:00  INFO 9752 --- [PixelMageEcomerceProject] [       Thread-5] j.LocalContainerEntityManagerFactoryBean : Closing JPA EntityManagerFactory for persistence unit 'default'
2026-03-10T11:12:34.494+07:00  INFO 9752 --- [PixelMageEcomerceProject] [       Thread-5] com.zaxxer.hikari.HikariDataSource       : HikariPool-1 - Shutdown initiated...
2026-03-10T11:12:34.497+07:00  INFO 9752 --- [PixelMageEcomerceProject] [       Thread-5] com.zaxxer.hikari.HikariDataSource       : HikariPool-1 - Shutdown completed.

  .   ____          _            __ _ _
 /\\ / ___'_ __ _ _(_)_ __  __ _ \ \ \ \
( ( )\___ | '_ | '_| | '_ \/ _` | \ \ \ \
 \\/  ___)| |_)| | | | | || (_| |  ) ) ) )
  '  |____| .__|_| |_|_| |_\__, | / / / /
 =========|_|==============|___/=/_/_/_/

 :: Spring Boot ::                (v3.4.2)

2026-03-10T11:12:34.593+07:00  INFO 9752 --- [PixelMageEcomerceProject] [  restartedMain] .e.P.PixelMageEcomerceProjectApplication : Starting PixelMageEcomerceProjectApplication using Java 21.0.7 with PID 9752 (D:\Minh\FU_Learning\EXE202\PixelMage_Rebase\project_src\BE\PixelMageEcomerceProject\target\classes started by Admin in D:\Minh\FU_Learning\EXE202\PixelMage_Rebase\project_src\BE\PixelMageEcomerceProject)
2026-03-10T11:12:34.593+07:00  INFO 9752 --- [PixelMageEcomerceProject] [  restartedMain] .e.P.PixelMageEcomerceProjectApplication : No active profile set, falling back to 1 default profile: "default"
2026-03-10T11:12:34.802+07:00  INFO 9752 --- [PixelMageEcomerceProject] [  restartedMain] .s.d.r.c.RepositoryConfigurationDelegate : Multiple Spring Data modules found, entering strict repository configuration mode
2026-03-10T11:12:34.802+07:00  INFO 9752 --- [PixelMageEcomerceProject] [  restartedMain] .s.d.r.c.RepositoryConfigurationDelegate : Bootstrapping Spring Data JPA repositories in DEFAULT mode.
2026-03-10T11:12:34.802+07:00  INFO 9752 --- [PixelMageEcomerceProject] [  restartedMain] .s.d.r.c.RepositoryConfigurationDelegate : Finished Spring Data repository scanning in 0 ms. Found 0 JPA repository interfaces.
2026-03-10T11:12:34.802+07:00  INFO 9752 --- [PixelMageEcomerceProject] [  restartedMain] .s.d.r.c.RepositoryConfigurationDelegate : Multiple Spring Data modules found, entering strict repository configuration mode
2026-03-10T11:12:34.802+07:00  INFO 9752 --- [PixelMageEcomerceProject] [  restartedMain] .s.d.r.c.RepositoryConfigurationDelegate : Bootstrapping Spring Data Redis repositories in DEFAULT mode.
2026-03-10T11:12:34.802+07:00  INFO 9752 --- [PixelMageEcomerceProject] [  restartedMain] .s.d.r.c.RepositoryConfigurationDelegate : Finished Spring Data repository scanning in 0 ms. Found 0 Redis repository interfaces.
2026-03-10T11:12:34.902+07:00  INFO 9752 --- [PixelMageEcomerceProject] [  restartedMain] o.s.b.w.embedded.tomcat.TomcatWebServer  : Tomcat initialized with port 8080 (http)
2026-03-10T11:12:34.911+07:00  INFO 9752 --- [PixelMageEcomerceProject] [  restartedMain] o.apache.catalina.core.StandardService   : Starting service [Tomcat]
2026-03-10T11:12:34.911+07:00  INFO 9752 --- [PixelMageEcomerceProject] [  restartedMain] o.apache.catalina.core.StandardEngine    : Starting Servlet engine: [Apache Tomcat/10.1.34]
2026-03-10T11:12:34.933+07:00  INFO 9752 --- [PixelMageEcomerceProject] [  restartedMain] o.a.c.c.C.[Tomcat].[localhost].[/]       : Initializing Spring embedded WebApplicationContext
2026-03-10T11:12:34.933+07:00  INFO 9752 --- [PixelMageEcomerceProject] [  restartedMain] w.s.c.ServletWebServerApplicationContext : Root WebApplicationContext: initialization completed in 339 ms
2026-03-10T11:12:34.958+07:00  WARN 9752 --- [PixelMageEcomerceProject] [  restartedMain] ConfigServletWebServerApplicationContext : Exception encountered during context initialization - cancelling refresh attempt: org.springframework.beans.factory.BeanCreationException: Error creating bean with name 'entityManagerFactory' defined in class path resource [org/springframework/boot/autoconfigure/orm/jpa/HibernateJpaConfiguration.class]: Failed to initialize dependency 'dataSourceScriptDatabaseInitializer' of LoadTimeWeaverAware bean 'entityManagerFactory': Error creating bean with name 'dataSourceScriptDatabaseInitializer' defined in class path resource [org/springframework/boot/autoconfigure/sql/init/DataSourceInitializationConfiguration.class]: Unsatisfied dependency expressed through method 'dataSourceScriptDatabaseInitializer' parameter 0: Error creating bean with name 'dataSource' defined in class path resource [org/springframework/boot/autoconfigure/jdbc/DataSourceConfiguration$Hikari.class]: Failed to instantiate [com.zaxxer.hikari.HikariDataSource]: Factory method 'dataSource' threw exception with message: Failed to determine a suitable driver class
2026-03-10T11:12:34.959+07:00  INFO 9752 --- [PixelMageEcomerceProject] [  restartedMain] o.apache.catalina.core.StandardService   : Stopping service [Tomcat]
2026-03-10T11:12:34.964+07:00  INFO 9752 --- [PixelMageEcomerceProject] [  restartedMain] .s.b.a.l.ConditionEvaluationReportLogger : 

Error starting ApplicationContext. To display the condition evaluation report re-run your application with 'debug' enabled.
2026-03-10T11:12:34.990+07:00 ERROR 9752 --- [PixelMageEcomerceProject] [  restartedMain] o.s.b.d.LoggingFailureAnalysisReporter   : 

***************************
APPLICATION FAILED TO START
***************************

Description:

Failed to configure a DataSource: 'url' attribute is not specified and no embedded datasource could be configured.

Reason: Failed to determine a suitable driver class


Action:

Consider the following:
	If you want an embedded database (H2, HSQL or Derby), please put it on the classpath.
	If you have database settings to be loaded from a particular profile you may need to activate it (no profiles are currently active).

